<?xml version="1.0" encoding="UTF-8"?>
<!-- Generated by org.testng.reporters.JUnitReportReporter -->
<testsuite skipped="4" hostname="Admin" name="apiTestScript.RestApiClientTest" tests="5" failures="0" timestamp="19 Jul 2019 05:37:37 GMT" time="4.263" errors="0">
  <testcase name="getCountries" time="4.263" classname="apiTestScript.RestApiClientTest"/>
  <testcase name="registerCountry" classname="apiTestScript.RestApiClientTest">
    <skipped/>
  </testcase> <!-- registerCountry -->
  <testcase name="removeCountry" classname="apiTestScript.RestApiClientTest">
    <skipped/>
  </testcase> <!-- removeCountry -->
  <testcase name="getCountryById" classname="apiTestScript.RestApiClientTest">
    <skipped/>
  </testcase> <!-- getCountryById -->
  <testcase name="modifyCountry" classname="apiTestScript.RestApiClientTest">
    <skipped/>
  </testcase> <!-- modifyCountry -->
</testsuite> <!-- apiTestScript.RestApiClientTest -->
