<?xml version="1.0" encoding="UTF-8"?>
<!-- Generated by org.testng.reporters.JUnitReportReporter -->
<testsuite name="apiTestScript.UserTest" tests="1" time="4.341" ignored="0" failures="0" timestamp="13 Oct 2019 13:59:44 GMT" skipped="0" hostname="DESKTOP-FEMML7A" errors="0">
  <testcase name="getAllUser" time="4.341" classname="apiTestScript.UserTest"/>
</testsuite> <!-- apiTestScript.UserTest -->
